[master 1accb98] 0 of 100
 Committer: CS24000 Account <cs240@data.cs.purdue.edu>
Your name and email address were configured automatically based
on your username and hostname. Please check that they are accurate.
You can suppress this message by setting them explicitly. Run the
following command and follow the instructions in your editor to edit
your configuration file:

    git config --global --edit

After doing this, you may fix the identity used for this commit with:

    git commit --amend --reset-author

 15 files changed, 26 insertions(+), 328 deletions(-)
 delete mode 100755 problems/irc-server-src/IRCServer
 delete mode 100644 problems/irc-server-src/diff.out
 delete mode 100644 problems/irc-server-src/prog.org.out
 delete mode 100644 problems/irc-server-src/prog.out
 delete mode 100644 problems/irc-server-src/talk-server.out
 delete mode 100644 problems/irc-server-src/total.out
 delete mode 100644 problems/mysort-src/diff.out
 delete mode 100755 problems/mysort-src/mytest
 delete mode 100644 problems/mysort-src/mytest.org.out
 delete mode 100644 problems/mysort-src/mytest.out
 delete mode 100644 problems/mysort-src/none
 delete mode 100644 problems/mysort-src/total.out
 delete mode 100644 problems/mysort-src/total.txt
[master ed26959] 0 of 100
 Committer: CS24000 Account <cs240@data.cs.purdue.edu>
Your name and email address were configured automatically based
on your username and hostname. Please check that they are accurate.
You can suppress this message by setting them explicitly. Run the
following command and follow the instructions in your editor to edit
your configuration file:

    git config --global --edit

After doing this, you may fix the identity used for this commit with:

    git commit --amend --reset-author

 1 file changed, 1 insertion(+), 5 deletions(-)
[master 1d17844] 0 of 100
 Committer: CS24000 Account <cs240@data.cs.purdue.edu>
Your name and email address were configured automatically based
on your username and hostname. Please check that they are accurate.
You can suppress this message by setting them explicitly. Run the
following command and follow the instructions in your editor to edit
your configuration file:

    git config --global --edit

After doing this, you may fix the identity used for this commit with:

    git commit --amend --reset-author

 9 files changed, 28 insertions(+), 274 deletions(-)
 delete mode 100755 problems/irc-server-src/IRCServer
 delete mode 100644 problems/irc-server-src/diff.out
 delete mode 100644 problems/irc-server-src/prog.org.out
 delete mode 100644 problems/irc-server-src/prog.out
 delete mode 100644 problems/irc-server-src/talk-server.out
 delete mode 100644 problems/irc-server-src/total.out
[master 1b59e27] 0 of 100
 Committer: CS24000 Account <cs240@data.cs.purdue.edu>
Your name and email address were configured automatically based
on your username and hostname. Please check that they are accurate.
You can suppress this message by setting them explicitly. Run the
following command and follow the instructions in your editor to edit
your configuration file:

    git config --global --edit

After doing this, you may fix the identity used for this commit with:

    git commit --amend --reset-author

 3 files changed, 27 insertions(+), 1 deletion(-)
[master 9374cd9] 0 of 100
 Committer: CS24000 Account <cs240@data.cs.purdue.edu>
Your name and email address were configured automatically based
on your username and hostname. Please check that they are accurate.
You can suppress this message by setting them explicitly. Run the
following command and follow the instructions in your editor to edit
your configuration file:

    git config --global --edit

After doing this, you may fix the identity used for this commit with:

    git commit --amend --reset-author

 4 files changed, 20 insertions(+), 1 deletion(-)
 create mode 100644 problems/arraylist-src/total.out
[master ab801c8] 0 of 100
 Committer: CS24000 Account <cs240@data.cs.purdue.edu>
Your name and email address were configured automatically based
on your username and hostname. Please check that they are accurate.
You can suppress this message by setting them explicitly. Run the
following command and follow the instructions in your editor to edit
your configuration file:

    git config --global --edit

After doing this, you may fix the identity used for this commit with:

    git commit --amend --reset-author

 27 files changed, 21 insertions(+), 1624 deletions(-)
 delete mode 100644 problems/irc-server-src/.local.git.out
 delete mode 100644 problems/irc-server-src/.local.total.out
 delete mode 100644 problems/irc-server-src/IRCServer.cc
 delete mode 100644 problems/irc-server-src/IRCServer.h
 delete mode 100755 problems/irc-server-src/IRCServer.org
 delete mode 100755 problems/irc-server-src/Makefile
 delete mode 100755 problems/irc-server-src/TestIRCServer
 delete mode 100644 problems/irc-server-src/none
 delete mode 100644 problems/irc-server-src/password.txt
 delete mode 100755 problems/irc-server-src/talk-server
 delete mode 100755 problems/irc-server-src/test-server1.sh
 delete mode 100755 problems/irc-server-src/test-server10.sh
 delete mode 100755 problems/irc-server-src/test-server2.sh
 delete mode 100755 problems/irc-server-src/test-server3.sh
 delete mode 100755 problems/irc-server-src/test-server4.sh
 delete mode 100755 problems/irc-server-src/test-server5.sh
 delete mode 100755 problems/irc-server-src/test-server6.sh
 delete mode 100755 problems/irc-server-src/test-server7.sh
 delete mode 100755 problems/irc-server-src/test-server8.sh
 delete mode 100755 problems/irc-server-src/test-server9.sh
 delete mode 100755 problems/irc-server-src/testall
 delete mode 100644 problems/irc-server-src/total.txt
[master 22a857e] 0 of 100
 Committer: CS24000 Account <cs240@data.cs.purdue.edu>
Your name and email address were configured automatically based
on your username and hostname. Please check that they are accurate.
You can suppress this message by setting them explicitly. Run the
following command and follow the instructions in your editor to edit
your configuration file:

    git config --global --edit

After doing this, you may fix the identity used for this commit with:

    git commit --amend --reset-author

 4 files changed, 46 insertions(+), 3 deletions(-)
[master 8b5d947] 0 of 100
 Committer: CS24000 Account <cs240@data.cs.purdue.edu>
Your name and email address were configured automatically based
on your username and hostname. Please check that they are accurate.
You can suppress this message by setting them explicitly. Run the
following command and follow the instructions in your editor to edit
your configuration file:

    git config --global --edit

After doing this, you may fix the identity used for this commit with:

    git commit --amend --reset-author

 11 files changed, 320 insertions(+), 463 deletions(-)
 delete mode 100644 problems/arraylist-src/ListTemplate.h
 delete mode 100755 problems/arraylist-src/ListTemplateTest
 delete mode 100644 problems/arraylist-src/ListTemplateTest.cc
 rewrite problems/arraylist-src/Makefile (69%)
 rewrite problems/dllist-src/DLList.cpp (73%)
 rewrite problems/dllist-src/DLList.h (62%)
 rewrite problems/dllist-src/mytest.c (95%)
[master (root-commit) 5265702] 0 of 100
 Committer: CS24000 Account <cs240@data.cs.purdue.edu>
Your name and email address were configured automatically based
on your username and hostname. Please check that they are accurate.
You can suppress this message by setting them explicitly. Run the
following command and follow the instructions in your editor to edit
your configuration file:

    git config --global --edit

After doing this, you may fix the identity used for this commit with:

    git commit --amend --reset-author

 4 files changed, 655 insertions(+)
 create mode 100644 problems/arraylist-src/ArrayList.cpp
 create mode 100644 problems/arraylist-src/ArrayList.h
 create mode 100644 problems/arraylist-src/mytest.cpp
 create mode 100644 problems/arraylist-src/total.out
[master bfbf86c] 0 of 100
 Committer: CS24000 Account <cs240@data.cs.purdue.edu>
Your name and email address were configured automatically based
on your username and hostname. Please check that they are accurate.
You can suppress this message by setting them explicitly. Run the
following command and follow the instructions in your editor to edit
your configuration file:

    git config --global --edit

After doing this, you may fix the identity used for this commit with:

    git commit --amend --reset-author

 2 files changed, 3 insertions(+), 1 deletion(-)
[master 1226093] 0 of 100
 Committer: CS24000 Account <cs240@data.cs.purdue.edu>
Your name and email address were configured automatically based
on your username and hostname. Please check that they are accurate.
You can suppress this message by setting them explicitly. Run the
following command and follow the instructions in your editor to edit
your configuration file:

    git config --global --edit

After doing this, you may fix the identity used for this commit with:

    git commit --amend --reset-author

 1 file changed, 1 insertion(+), 1 deletion(-)
[master be731d6] 0 of 100
 Committer: CS24000 Account <cs240@data.cs.purdue.edu>
Your name and email address were configured automatically based
on your username and hostname. Please check that they are accurate.
You can suppress this message by setting them explicitly. Run the
following command and follow the instructions in your editor to edit
your configuration file:

    git config --global --edit

After doing this, you may fix the identity used for this commit with:

    git commit --amend --reset-author

 1 file changed, 4 insertions(+)
 create mode 100644 problems/arraylist-src/total.out
[master a577dbf] 0 of 100
 Committer: CS24000 Account <cs240@data.cs.purdue.edu>
Your name and email address were configured automatically based
on your username and hostname. Please check that they are accurate.
You can suppress this message by setting them explicitly. Run the
following command and follow the instructions in your editor to edit
your configuration file:

    git config --global --edit

After doing this, you may fix the identity used for this commit with:

    git commit --amend --reset-author

 1 file changed, 4 insertions(+)
 create mode 100644 problems/arraylist-src/total.out
[master 5fbeb9e] 0 of 100
 Committer: CS24000 Account <cs240@data.cs.purdue.edu>
Your name and email address were configured automatically based
on your username and hostname. Please check that they are accurate.
You can suppress this message by setting them explicitly. Run the
following command and follow the instructions in your editor to edit
your configuration file:

    git config --global --edit

After doing this, you may fix the identity used for this commit with:

    git commit --amend --reset-author

 2 files changed, 4 insertions(+), 3 deletions(-)
 create mode 100644 problems/arraylist-src/total.out
 delete mode 100644 problems/mysort-src/total.out
[master dbcc563] 0 of 100
 Committer: CS24000 Account <cs240@data.cs.purdue.edu>
Your name and email address were configured automatically based
on your username and hostname. Please check that they are accurate.
You can suppress this message by setting them explicitly. Run the
following command and follow the instructions in your editor to edit
your configuration file:

    git config --global --edit

After doing this, you may fix the identity used for this commit with:

    git commit --amend --reset-author

 2 files changed, 4 insertions(+), 3 deletions(-)
 create mode 100644 problems/arraylist-src/total.out
 delete mode 100644 problems/mysort-src/total.out
[master 8a36d99] 0 of 100
 Committer: CS24000 Account <cs240@data.cs.purdue.edu>
Your name and email address were configured automatically based
on your username and hostname. Please check that they are accurate.
You can suppress this message by setting them explicitly. Run the
following command and follow the instructions in your editor to edit
your configuration file:

    git config --global --edit

After doing this, you may fix the identity used for this commit with:

    git commit --amend --reset-author

 2 files changed, 4 insertions(+), 3 deletions(-)
 create mode 100644 problems/arraylist-src/total.out
 delete mode 100644 problems/mysort-src/total.out
[master 97f296f] 0 of 100
 Committer: CS24000 Account <cs240@data.cs.purdue.edu>
Your name and email address were configured automatically based
on your username and hostname. Please check that they are accurate.
You can suppress this message by setting them explicitly. Run the
following command and follow the instructions in your editor to edit
your configuration file:

    git config --global --edit

After doing this, you may fix the identity used for this commit with:

    git commit --amend --reset-author

 2 files changed, 4 insertions(+), 3 deletions(-)
 create mode 100644 problems/arraylist-src/total.out
 delete mode 100644 problems/mysort-src/total.out
[master 3525efc] 0 of 100
 Committer: CS24000 Account <cs240@data.cs.purdue.edu>
Your name and email address were configured automatically based
on your username and hostname. Please check that they are accurate.
You can suppress this message by setting them explicitly. Run the
following command and follow the instructions in your editor to edit
your configuration file:

    git config --global --edit

After doing this, you may fix the identity used for this commit with:

    git commit --amend --reset-author

 2 files changed, 4 insertions(+), 3 deletions(-)
 create mode 100644 problems/arraylist-src/total.out
 delete mode 100644 problems/mysort-src/total.out
[master e45fa7f] 0 of 100
 Committer: CS24000 Account <cs240@data.cs.purdue.edu>
Your name and email address were configured automatically based
on your username and hostname. Please check that they are accurate.
You can suppress this message by setting them explicitly. Run the
following command and follow the instructions in your editor to edit
your configuration file:

    git config --global --edit

After doing this, you may fix the identity used for this commit with:

    git commit --amend --reset-author

 2 files changed, 4 insertions(+), 3 deletions(-)
 create mode 100644 problems/arraylist-src/total.out
 delete mode 100644 problems/mysort-src/total.out
[master a7241b0] 0 of 100
 Committer: CS24000 Account <cs240@data.cs.purdue.edu>
Your name and email address were configured automatically based
on your username and hostname. Please check that they are accurate.
You can suppress this message by setting them explicitly. Run the
following command and follow the instructions in your editor to edit
your configuration file:

    git config --global --edit

After doing this, you may fix the identity used for this commit with:

    git commit --amend --reset-author

 1 file changed, 4 insertions(+)
 create mode 100644 problems/arraylist-src/total.out
[master 807c8dd] 0 of 100
 Committer: CS24000 Account <cs240@data.cs.purdue.edu>
Your name and email address were configured automatically based
on your username and hostname. Please check that they are accurate.
You can suppress this message by setting them explicitly. Run the
following command and follow the instructions in your editor to edit
your configuration file:

    git config --global --edit

After doing this, you may fix the identity used for this commit with:

    git commit --amend --reset-author

 2 files changed, 4 insertions(+), 3 deletions(-)
 create mode 100644 problems/arraylist-src/total.out
 delete mode 100644 problems/mysort-src/total.out
[master baee39e] 0 of 100
 Committer: CS24000 Account <cs240@data.cs.purdue.edu>
Your name and email address were configured automatically based
on your username and hostname. Please check that they are accurate.
You can suppress this message by setting them explicitly. Run the
following command and follow the instructions in your editor to edit
your configuration file:

    git config --global --edit

After doing this, you may fix the identity used for this commit with:

    git commit --amend --reset-author

 2 files changed, 4 insertions(+), 3 deletions(-)
 create mode 100644 problems/arraylist-src/total.out
 delete mode 100644 problems/mysort-src/total.out
[master (root-commit) 0b085f9] 0 of 100
 Committer: CS24000 Account <cs240@data.cs.purdue.edu>
Your name and email address were configured automatically based
on your username and hostname. Please check that they are accurate.
You can suppress this message by setting them explicitly. Run the
following command and follow the instructions in your editor to edit
your configuration file:

    git config --global --edit

After doing this, you may fix the identity used for this commit with:

    git commit --amend --reset-author

 4 files changed, 657 insertions(+)
 create mode 100644 problems/arraylist-src/ArrayList.cpp
 create mode 100644 problems/arraylist-src/ArrayList.h
 create mode 100644 problems/arraylist-src/mytest.cpp
 create mode 100644 problems/arraylist-src/total.out
[master dbdaf55] 0 of 100
 Committer: Weifeng Huang <huang636@sslab07.cs.purdue.edu>
Your name and email address were configured automatically based
on your username and hostname. Please check that they are accurate.
You can suppress this message by setting them explicitly. Run the
following command and follow the instructions in your editor to edit
your configuration file:

    git config --global --edit

After doing this, you may fix the identity used for this commit with:

    git commit --amend --reset-author

 2 files changed, 5 insertions(+), 1 deletion(-)
 create mode 100644 problems/arraylist-src/total.out
[master 35cfdad] 0 of 100
 Committer: Weifeng Huang <huang636@moore06.cs.purdue.edu>
Your name and email address were configured automatically based
on your username and hostname. Please check that they are accurate.
You can suppress this message by setting them explicitly. Run the
following command and follow the instructions in your editor to edit
your configuration file:

    git config --global --edit

After doing this, you may fix the identity used for this commit with:

    git commit --amend --reset-author

 1 file changed, 1 insertion(+), 1 deletion(-)
[master 94a128a] 10 of 100
 Committer: Weifeng Huang <huang636@moore03.cs.purdue.edu>
Your name and email address were configured automatically based
on your username and hostname. Please check that they are accurate.
You can suppress this message by setting them explicitly. Run the
following command and follow the instructions in your editor to edit
your configuration file:

    git config --global --edit

After doing this, you may fix the identity used for this commit with:

    git commit --amend --reset-author

 3 files changed, 18 insertions(+), 3 deletions(-)
 create mode 100644 problems/arraylist-src/total.out
[master 8a520d8] 10 of 100
 Committer: Weifeng Huang <huang636@moore03.cs.purdue.edu>
Your name and email address were configured automatically based
on your username and hostname. Please check that they are accurate.
You can suppress this message by setting them explicitly. Run the
following command and follow the instructions in your editor to edit
your configuration file:

    git config --global --edit

After doing this, you may fix the identity used for this commit with:

    git commit --amend --reset-author

 2 files changed, 14 insertions(+), 1 deletion(-)
[master 1bb951f] 10 of 100
 Committer: Weifeng Huang <huang636@moore03.cs.purdue.edu>
Your name and email address were configured automatically based
on your username and hostname. Please check that they are accurate.
You can suppress this message by setting them explicitly. Run the
following command and follow the instructions in your editor to edit
your configuration file:

    git config --global --edit

After doing this, you may fix the identity used for this commit with:

    git commit --amend --reset-author

 2 files changed, 3 insertions(+), 1 deletion(-)
[master b9c9333] 10 of 100
 Committer: Weifeng Huang <huang636@moore03.cs.purdue.edu>
Your name and email address were configured automatically based
on your username and hostname. Please check that they are accurate.
You can suppress this message by setting them explicitly. Run the
following command and follow the instructions in your editor to edit
your configuration file:

    git config --global --edit

After doing this, you may fix the identity used for this commit with:

    git commit --amend --reset-author

 2 files changed, 3 insertions(+), 3 deletions(-)
[master af1ea9e] 20 of 100
 Committer: Weifeng Huang <huang636@moore03.cs.purdue.edu>
Your name and email address were configured automatically based
on your username and hostname. Please check that they are accurate.
You can suppress this message by setting them explicitly. Run the
following command and follow the instructions in your editor to edit
your configuration file:

    git config --global --edit

After doing this, you may fix the identity used for this commit with:

    git commit --amend --reset-author

 2 files changed, 8 insertions(+), 4 deletions(-)
[master 8851b5c] 20 of 100
 Committer: Weifeng Huang <huang636@moore03.cs.purdue.edu>
Your name and email address were configured automatically based
on your username and hostname. Please check that they are accurate.
You can suppress this message by setting them explicitly. Run the
following command and follow the instructions in your editor to edit
your configuration file:

    git config --global --edit

After doing this, you may fix the identity used for this commit with:

    git commit --amend --reset-author

 2 files changed, 2 insertions(+), 2 deletions(-)
[master ffe1ed5] 40 of 100
 Committer: Weifeng Huang <huang636@moore03.cs.purdue.edu>
Your name and email address were configured automatically based
on your username and hostname. Please check that they are accurate.
You can suppress this message by setting them explicitly. Run the
following command and follow the instructions in your editor to edit
your configuration file:

    git config --global --edit

After doing this, you may fix the identity used for this commit with:

    git commit --amend --reset-author

 3 files changed, 13 insertions(+), 7 deletions(-)
[master 2267dcf] 40 of 100
 Committer: Weifeng Huang <huang636@moore03.cs.purdue.edu>
Your name and email address were configured automatically based
on your username and hostname. Please check that they are accurate.
You can suppress this message by setting them explicitly. Run the
following command and follow the instructions in your editor to edit
your configuration file:

    git config --global --edit

After doing this, you may fix the identity used for this commit with:

    git commit --amend --reset-author

 2 files changed, 10 insertions(+), 6 deletions(-)
[master d4dd53f] 40 of 100
 Committer: Weifeng Huang <huang636@moore03.cs.purdue.edu>
Your name and email address were configured automatically based
on your username and hostname. Please check that they are accurate.
You can suppress this message by setting them explicitly. Run the
following command and follow the instructions in your editor to edit
your configuration file:

    git config --global --edit

After doing this, you may fix the identity used for this commit with:

    git commit --amend --reset-author

 2 files changed, 5 insertions(+), 3 deletions(-)
[master b63c06d] 40 of 100
 Committer: Weifeng Huang <huang636@moore03.cs.purdue.edu>
Your name and email address were configured automatically based
on your username and hostname. Please check that they are accurate.
You can suppress this message by setting them explicitly. Run the
following command and follow the instructions in your editor to edit
your configuration file:

    git config --global --edit

After doing this, you may fix the identity used for this commit with:

    git commit --amend --reset-author

 2 files changed, 10 insertions(+), 1 deletion(-)
[master e917805] 40 of 100
 Committer: Weifeng Huang <huang636@moore03.cs.purdue.edu>
Your name and email address were configured automatically based
on your username and hostname. Please check that they are accurate.
You can suppress this message by setting them explicitly. Run the
following command and follow the instructions in your editor to edit
your configuration file:

    git config --global --edit

After doing this, you may fix the identity used for this commit with:

    git commit --amend --reset-author

 2 files changed, 2 insertions(+), 2 deletions(-)
[master ad2cc0a] 40 of 100
 Committer: Weifeng Huang <huang636@moore03.cs.purdue.edu>
Your name and email address were configured automatically based
on your username and hostname. Please check that they are accurate.
You can suppress this message by setting them explicitly. Run the
following command and follow the instructions in your editor to edit
your configuration file:

    git config --global --edit

After doing this, you may fix the identity used for this commit with:

    git commit --amend --reset-author

 2 files changed, 2 insertions(+), 2 deletions(-)
[master 8d23a1c] 40 of 100
 Committer: Weifeng Huang <huang636@moore03.cs.purdue.edu>
Your name and email address were configured automatically based
on your username and hostname. Please check that they are accurate.
You can suppress this message by setting them explicitly. Run the
following command and follow the instructions in your editor to edit
your configuration file:

    git config --global --edit

After doing this, you may fix the identity used for this commit with:

    git commit --amend --reset-author

 2 files changed, 9 insertions(+), 8 deletions(-)
[master 9db0f71] 40 of 100
 Committer: Weifeng Huang <huang636@moore03.cs.purdue.edu>
Your name and email address were configured automatically based
on your username and hostname. Please check that they are accurate.
You can suppress this message by setting them explicitly. Run the
following command and follow the instructions in your editor to edit
your configuration file:

    git config --global --edit

After doing this, you may fix the identity used for this commit with:

    git commit --amend --reset-author

 2 files changed, 4 insertions(+), 4 deletions(-)
[master c713bc9] 40 of 100
 Committer: Weifeng Huang <huang636@moore03.cs.purdue.edu>
Your name and email address were configured automatically based
on your username and hostname. Please check that they are accurate.
You can suppress this message by setting them explicitly. Run the
following command and follow the instructions in your editor to edit
your configuration file:

    git config --global --edit

After doing this, you may fix the identity used for this commit with:

    git commit --amend --reset-author

 2 files changed, 2 insertions(+), 2 deletions(-)
[master 56ecc72] 40 of 100
 Committer: Weifeng Huang <huang636@moore03.cs.purdue.edu>
Your name and email address were configured automatically based
on your username and hostname. Please check that they are accurate.
You can suppress this message by setting them explicitly. Run the
following command and follow the instructions in your editor to edit
your configuration file:

    git config --global --edit

After doing this, you may fix the identity used for this commit with:

    git commit --amend --reset-author

 2 files changed, 2 insertions(+), 2 deletions(-)
[master 4e447ce] 40 of 100
 Committer: Weifeng Huang <huang636@moore03.cs.purdue.edu>
Your name and email address were configured automatically based
on your username and hostname. Please check that they are accurate.
You can suppress this message by setting them explicitly. Run the
following command and follow the instructions in your editor to edit
your configuration file:

    git config --global --edit

After doing this, you may fix the identity used for this commit with:

    git commit --amend --reset-author

 2 files changed, 13 insertions(+), 10 deletions(-)
[master 8f06966] 40 of 100
 Committer: Weifeng Huang <huang636@moore03.cs.purdue.edu>
Your name and email address were configured automatically based
on your username and hostname. Please check that they are accurate.
You can suppress this message by setting them explicitly. Run the
following command and follow the instructions in your editor to edit
your configuration file:

    git config --global --edit

After doing this, you may fix the identity used for this commit with:

    git commit --amend --reset-author

 2 files changed, 4 insertions(+), 2 deletions(-)
[master d63b4d7] 80 of 100
 Committer: Weifeng Huang <huang636@moore03.cs.purdue.edu>
Your name and email address were configured automatically based
on your username and hostname. Please check that they are accurate.
You can suppress this message by setting them explicitly. Run the
following command and follow the instructions in your editor to edit
your configuration file:

    git config --global --edit

After doing this, you may fix the identity used for this commit with:

    git commit --amend --reset-author

 2 files changed, 29 insertions(+), 6 deletions(-)
[master 35c1b06] 80 of 100
 Committer: Weifeng Huang <huang636@moore03.cs.purdue.edu>
Your name and email address were configured automatically based
on your username and hostname. Please check that they are accurate.
You can suppress this message by setting them explicitly. Run the
following command and follow the instructions in your editor to edit
your configuration file:

    git config --global --edit

After doing this, you may fix the identity used for this commit with:

    git commit --amend --reset-author

 1 file changed, 1 insertion(+), 1 deletion(-)
[master 5ac76f0] 80 of 100
 Committer: Weifeng Huang <huang636@moore03.cs.purdue.edu>
Your name and email address were configured automatically based
on your username and hostname. Please check that they are accurate.
You can suppress this message by setting them explicitly. Run the
following command and follow the instructions in your editor to edit
your configuration file:

    git config --global --edit

After doing this, you may fix the identity used for this commit with:

    git commit --amend --reset-author

 3 files changed, 5 insertions(+), 4 deletions(-)
 create mode 100644 problems/arraylist-src/total.out
 delete mode 100644 problems/mysort-src/total.out
[master 3534d4c] 80 of 100
 Committer: Weifeng Huang <huang636@sslab24.cs.purdue.edu>
Your name and email address were configured automatically based
on your username and hostname. Please check that they are accurate.
You can suppress this message by setting them explicitly. Run the
following command and follow the instructions in your editor to edit
your configuration file:

    git config --global --edit

After doing this, you may fix the identity used for this commit with:

    git commit --amend --reset-author

 2 files changed, 4 insertions(+), 3 deletions(-)
 create mode 100644 problems/arraylist-src/total.out
 delete mode 100644 problems/mysort-src/total.out
[master e7af290] 80 of 100
 Committer: Weifeng Huang <huang636@sslab24.cs.purdue.edu>
Your name and email address were configured automatically based
on your username and hostname. Please check that they are accurate.
You can suppress this message by setting them explicitly. Run the
following command and follow the instructions in your editor to edit
your configuration file:

    git config --global --edit

After doing this, you may fix the identity used for this commit with:

    git commit --amend --reset-author

 1 file changed, 4 insertions(+)
 create mode 100644 problems/arraylist-src/total.out
[master 282818f] 80 of 100
 Committer: Weifeng Huang <huang636@moore04.cs.purdue.edu>
Your name and email address were configured automatically based
on your username and hostname. Please check that they are accurate.
You can suppress this message by setting them explicitly. Run the
following command and follow the instructions in your editor to edit
your configuration file:

    git config --global --edit

After doing this, you may fix the identity used for this commit with:

    git commit --amend --reset-author

 2 files changed, 4 insertions(+), 3 deletions(-)
 create mode 100644 problems/arraylist-src/total.out
 delete mode 100644 problems/mysort-src/total.out
