CS240: lab6. cs240 Mon Nov 9 09:01:53 EST 2015  Total:  0 of 100

CS240: lab6. cs240 Mon Nov 9 09:09:41 EST 2015  Total:  0 of 100

CS240: lab6. cs240 Mon Nov 9 09:11:19 EST 2015  Total:  0 of 100

CS240: lab6. cs240 Mon Nov 9 09:12:35 EST 2015  Total:  0 of 100

CS240: lab6. cs240 Mon Nov 9 09:13:07 EST 2015  Total:  0 of 100

CS240: lab6. cs240 Mon Nov 9 09:54:56 EST 2015  Total:  0 of 100

CS240: lab6. cs240 Mon Nov 9 09:55:51 EST 2015  Total:  0 of 100
0
100

CS240: lab6. cs240 Mon Nov 9 17:23:46 EST 2015  Total:  0 of 100
0
100

CS240: lab6. cs240 Mon Nov 9 18:15:00 EST 2015  Total:  0 of 100
0
100

CS240: lab6. cs240 Mon Nov 9 18:16:35 EST 2015  Total:  0 of 100
0
100

CS240: lab6. cs240 Tue Nov 10 08:21:13 EST 2015  Total:  0 of 100
0
100

CS240: lab6. cs240 Tue Nov 10 08:26:18 EST 2015  Total:  0 of 100
0
100

CS240: lab6. cs240 Tue Nov 10 08:38:15 EST 2015  Total:  0 of 100
0
100

CS240: lab6. cs240 Tue Nov 10 08:43:58 EST 2015  Total:  0 of 100
0
100

CS240: lab6. cs240 Tue Nov 10 08:46:38 EST 2015  Total:  0 of 100
0
100

CS240: lab6. cs240 Tue Nov 10 08:48:00 EST 2015  Total:  0 of 100
0
100

CS240: lab6. cs240 Tue Nov 10 08:49:03 EST 2015  Total:  0 of 100
0
100

CS240: lab6. cs240 Tue Nov 10 08:49:24 EST 2015  Total:  0 of 100
0
100

CS240: lab6. cs240 Tue Nov 10 08:51:25 EST 2015  Total:  0 of 100
0
100

CS240: lab6. cs240 Tue Nov 10 09:01:47 EST 2015  Total:  0 of 100
0
100

CS240: lab6. cs240 Tue Nov 10 09:03:32 EST 2015  Total:  0 of 100
0
100

CS240: lab6. cs240 /homes/cs240/2015Fall/lab6-cpp-intro/lab6-src/problems/arraylist-src Tue Nov 10 09:04:46 EST 2015  Total:  0 of 100
0
100

CS240: lab6. cs240 /homes/cs240/2015Fall/lab6-cpp-intro/lab6-src/problems/arraylist-src Tue Nov 10 09:07:25 EST 2015  Total:  0 of 100
0
100

CS240: lab6. huang636 /homes/huang636/cs240/lab6-src/problems/arraylist-src Wed Nov 18 15:55:49 EST 2015  Total:  0 of 100
0
100

CS240: lab6. huang636 /homes/huang636/cs240/lab6-src/problems/arraylist-src Mon Nov 30 18:10:49 EST 2015  Total:  0 of 100
0
100

CS240: lab6. huang636 /homes/huang636/cs240/lab6-src/problems/arraylist-src Wed Dec 2 11:31:22 EST 2015  Total:  10 of 100
10
100

CS240: lab6. huang636 /homes/huang636/cs240/lab6-src/problems/arraylist-src Wed Dec 2 11:34:54 EST 2015  Total:  10 of 100
10
100

CS240: lab6. huang636 /homes/huang636/cs240/lab6-src/problems/arraylist-src Wed Dec 2 11:35:59 EST 2015  Total:  10 of 100
10
100

CS240: lab6. huang636 /homes/huang636/cs240/lab6-src/problems/arraylist-src Wed Dec 2 11:38:41 EST 2015  Total:  10 of 100
10
100

CS240: lab6. huang636 /homes/huang636/cs240/lab6-src/problems/arraylist-src Wed Dec 2 11:46:08 EST 2015  Total:  20 of 100
20
100

CS240: lab6. huang636 /homes/huang636/cs240/lab6-src/problems/arraylist-src Wed Dec 2 11:49:45 EST 2015  Total:  20 of 100
20
100

CS240: lab6. huang636 /homes/huang636/cs240/lab6-src/problems/arraylist-src Wed Dec 2 12:08:50 EST 2015  Total:  40 of 100
40
100

CS240: lab6. huang636 /homes/huang636/cs240/lab6-src/problems/arraylist-src Wed Dec 2 12:12:30 EST 2015  Total:  40 of 100
40
100

CS240: lab6. huang636 /homes/huang636/cs240/lab6-src/problems/arraylist-src Wed Dec 2 12:14:07 EST 2015  Total:  40 of 100
40
100

CS240: lab6. huang636 /homes/huang636/cs240/lab6-src/problems/arraylist-src Wed Dec 2 12:16:52 EST 2015  Total:  40 of 100
40
100

CS240: lab6. huang636 /homes/huang636/cs240/lab6-src/problems/arraylist-src Wed Dec 2 12:21:52 EST 2015  Total:  40 of 100
40
100

CS240: lab6. huang636 /homes/huang636/cs240/lab6-src/problems/arraylist-src Wed Dec 2 12:24:23 EST 2015  Total:  40 of 100
40
100

CS240: lab6. huang636 /homes/huang636/cs240/lab6-src/problems/arraylist-src Wed Dec 2 12:25:19 EST 2015  Total:  40 of 100
40
100

CS240: lab6. huang636 /homes/huang636/cs240/lab6-src/problems/arraylist-src Wed Dec 2 12:36:35 EST 2015  Total:  40 of 100
40
100

CS240: lab6. huang636 /homes/huang636/cs240/lab6-src/problems/arraylist-src Wed Dec 2 12:37:52 EST 2015  Total:  40 of 100
40
100

CS240: lab6. huang636 /homes/huang636/cs240/lab6-src/problems/arraylist-src Wed Dec 2 12:47:07 EST 2015  Total:  40 of 100
40
100

CS240: lab6. huang636 /homes/huang636/cs240/lab6-src/problems/arraylist-src Wed Dec 2 13:01:07 EST 2015  Total:  40 of 100
40
100

CS240: lab6. huang636 /homes/huang636/cs240/lab6-src/problems/arraylist-src Wed Dec 2 13:01:36 EST 2015  Total:  40 of 100
40
100

CS240: lab6. huang636 /homes/huang636/cs240/lab6-src/problems/arraylist-src Wed Dec 2 13:04:40 EST 2015  Total:  80 of 100
80
100

CS240: lab6. huang636 /homes/huang636/cs240/lab6-src/problems/arraylist-src Wed Dec 2 13:06:43 EST 2015  Total:  80 of 100
80
100

CS240: lab6. huang636 /homes/huang636/cs240/lab6-src/problems/arraylist-src Wed Dec 2 13:06:57 EST 2015  Total:  80 of 100
80
100

CS240: lab6. huang636 /homes/huang636/cs240/lab6-src/problems/arraylist-src Wed Dec 2 15:53:36 EST 2015  Total:  80 of 100
80
100

CS240: lab6. huang636 /homes/huang636/cs240/lab6-src/problems/arraylist-src Wed Dec 2 16:23:08 EST 2015  Total:  80 of 100
80
100

CS240: lab6. huang636 /homes/huang636/cs240/lab6-src/problems/arraylist-src Tue Dec 15 23:39:06 EST 2015  Total:  80 of 100
80
100

